<?xml version="1.0" encoding="UTF-8" ?>
<testsuite tests="22" failures="0" name="note.test.AddNotaTest" time="0.01" errors="0" skipped="0">
  <properties>
    <property name="java.runtime.name" value="OpenJDK Runtime Environment"/>
    <property name="java.vm.version" value="13.0.1+9"/>
    <property name="sun.boot.library.path" value="D:\Uni\MAP\javafx db\jdk-13.0.1\bin"/>
    <property name="maven.multiModuleProjectDirectory" value="D:\Sem 4\4-ProiectNoteElevi\ProiectNoteElevi"/>
    <property name="java.vm.vendor" value="Oracle Corporation"/>
    <property name="java.vendor.url" value="https://java.oracle.com/"/>
    <property name="guice.disable.misplaced.annotation.check" value="true"/>
    <property name="path.separator" value=";"/>
    <property name="java.vm.name" value="OpenJDK 64-Bit Server VM"/>
    <property name="sun.os.patch.level" value=""/>
    <property name="user.script" value=""/>
    <property name="user.country" value="US"/>
    <property name="sun.java.launcher" value="SUN_STANDARD"/>
    <property name="java.vm.specification.name" value="Java Virtual Machine Specification"/>
    <property name="user.dir" value="D:\Sem 4\4-ProiectNoteElevi\ProiectNoteElevi"/>
    <property name="java.vm.compressedOopsMode" value="Zero based"/>
    <property name="java.runtime.version" value="13.0.1+9"/>
    <property name="os.arch" value="amd64"/>
    <property name="java.io.tmpdir" value="C:\Users\SONIAP~1\AppData\Local\Temp\"/>
    <property name="line.separator" value="
"/>
    <property name="java.vm.specification.vendor" value="Oracle Corporation"/>
    <property name="user.variant" value=""/>
    <property name="os.name" value="Windows 10"/>
    <property name="maven.ext.class.path" value="C:\Program Files\JetBrains\IntelliJ IDEA 2019.3.1\plugins\maven\lib\maven-event-listener.jar"/>
    <property name="classworlds.conf" value="C:\Program Files\JetBrains\IntelliJ IDEA 2019.3.1\plugins\maven\lib\maven3\bin\m2.conf"/>
    <property name="sun.jnu.encoding" value="Cp1252"/>
    <property name="java.library.path" value="D:\Uni\MAP\javafx db\jdk-13.0.1\bin;C:\Windows\Sun\Java\bin;C:\Windows\system32;C:\Windows;C:\Program Files (x86)\Common Files\Oracle\Java\javapath;C:\Windows\system32;C:\Windows;C:\Windows\System32\Wbem;C:\Windows\System32\WindowsPowerShell\v1.0\;C:\Windows\System32\OpenSSH\;C:\Program Files\Microsoft SQL Server\Client SDK\ODBC\110\Tools\Binn\;C:\Program Files (x86)\Microsoft SQL Server\120\Tools\Binn\;C:\Program Files\Microsoft SQL Server\120\Tools\Binn\;C:\Program Files\Microsoft SQL Server\120\DTS\Binn\;C:\Program Files (x86)\Microsoft SQL Server\120\Tools\Binn\ManagementStudio\;C:\Program Files (x86)\Microsoft SQL Server\120\DTS\Binn\;C:\Program Files\dotnet\;C:\Program Files\Microsoft SQL Server\130\Tools\Binn\;C:\Program Files\Git\cmd;C:\Users\Sonia Pojoga\AppData\Local\Programs\Python\Python38-32\Scripts\;C:\Users\Sonia Pojoga\AppData\Local\Programs\Python\Python38-32\;C:\Users\Sonia Pojoga\AppData\Local\Microsoft\WindowsApps;C:\Program Files\JetBrains\IntelliJ IDEA 2019.3.1\bin;C:\Users\Sonia Pojoga\AppData\Local\GitHubDesktop\bin;C:\Program Files\JetBrains\IntelliJ IDEA Community Edition 2019.3.1\bin;C:\Program Files\JetBrains\PyCharm Community Edition 2019.3.1\bin;C:\Users\Sonia Pojoga\AppData\Local\atom\bin;."/>
    <property name="maven.conf" value="C:\Program Files\JetBrains\IntelliJ IDEA 2019.3.1\plugins\maven\lib\maven3/conf"/>
    <property name="jdk.debug" value="release"/>
    <property name="java.class.version" value="57.0"/>
    <property name="java.specification.name" value="Java Platform API Specification"/>
    <property name="sun.management.compiler" value="HotSpot 64-Bit Tiered Compilers"/>
    <property name="os.version" value="10.0"/>
    <property name="idea.version2019.3.1" value="true"/>
    <property name="user.home" value="C:\Users\Sonia Pojoga"/>
    <property name="user.timezone" value="Europe/Bucharest"/>
    <property name="file.encoding" value="UTF-8"/>
    <property name="java.specification.version" value="13"/>
    <property name="user.name" value="Sonia Pojoga"/>
    <property name="java.class.path" value="C:\Program Files\JetBrains\IntelliJ IDEA 2019.3.1\plugins\maven\lib\maven3\boot\plexus-classworlds-2.6.0.jar"/>
    <property name="java.vm.specification.version" value="13"/>
    <property name="sun.arch.data.model" value="64"/>
    <property name="sun.java.command" value="org.codehaus.classworlds.Launcher -Didea.version2019.3.1 deploy"/>
    <property name="java.home" value="D:\Uni\MAP\javafx db\jdk-13.0.1"/>
    <property name="user.language" value="en"/>
    <property name="java.specification.vendor" value="Oracle Corporation"/>
    <property name="java.vm.info" value="mixed mode, sharing"/>
    <property name="java.version" value="13.0.1"/>
    <property name="java.vendor" value="Oracle Corporation"/>
    <property name="maven.home" value="C:\Program Files\JetBrains\IntelliJ IDEA 2019.3.1\plugins\maven\lib\maven3"/>
    <property name="file.separator" value="\"/>
    <property name="java.version.date" value="2019-10-15"/>
    <property name="java.vendor.url.bug" value="https://bugreport.java.com/bugreport/"/>
    <property name="sun.io.unicode.encoding" value="UnicodeLittle"/>
    <property name="sun.cpu.endian" value="little"/>
    <property name="sun.cpu.isalist" value="amd64"/>
  </properties>
  <testcase classname="note.test.AddNotaTest" name="test10" time="0.009"/>
  <testcase classname="note.test.AddNotaTest" name="test11" time="0"/>
  <testcase classname="note.test.AddNotaTest" name="test12" time="0"/>
  <testcase classname="note.test.AddNotaTest" name="test13" time="0"/>
  <testcase classname="note.test.AddNotaTest" name="test14" time="0"/>
  <testcase classname="note.test.AddNotaTest" name="test15" time="0"/>
  <testcase classname="note.test.AddNotaTest" name="test16" time="0"/>
  <testcase classname="note.test.AddNotaTest" name="test17" time="0"/>
  <testcase classname="note.test.AddNotaTest" name="test18" time="0"/>
  <testcase classname="note.test.AddNotaTest" name="test19" time="0"/>
  <testcase classname="note.test.AddNotaTest" name="test20" time="0"/>
  <testcase classname="note.test.AddNotaTest" name="test21" time="0"/>
  <testcase classname="note.test.AddNotaTest" name="tes22" time="0"/>
  <testcase classname="note.test.AddNotaTest" name="test1" time="0"/>
  <testcase classname="note.test.AddNotaTest" name="test2" time="0.001"/>
  <testcase classname="note.test.AddNotaTest" name="test3" time="0"/>
  <testcase classname="note.test.AddNotaTest" name="test4" time="0"/>
  <testcase classname="note.test.AddNotaTest" name="test5" time="0"/>
  <testcase classname="note.test.AddNotaTest" name="test6" time="0"/>
  <testcase classname="note.test.AddNotaTest" name="test7" time="0"/>
  <testcase classname="note.test.AddNotaTest" name="test8" time="0"/>
  <testcase classname="note.test.AddNotaTest" name="test9" time="0"/>
</testsuite>